[INFO ] 05-04-2024 03:37:34.254 pm [http-nio-8082-exec-2] com.guest.service.Guest_ServiceImpl - List of guest is fetched!!
[INFO ] 05-04-2024 04:10:50.897 pm [http-nio-8082-exec-6] com.guest.service.Guest_ServiceImpl - List of guest is fetched!!
[INFO ] 05-04-2024 04:11:05.038 pm [http-nio-8082-exec-10] com.guest.service.Guest_ServiceImpl - Data is fetched for the id 205
[INFO ] 05-04-2024 08:56:42.132 pm [http-nio-8082-exec-1] com.guest.service.Guest_ServiceImpl - List of guest is fetched!!
[INFO ] 05-04-2024 08:59:27.611 pm [http-nio-8082-exec-3] com.guest.service.Guest_ServiceImpl - List of guest is fetched!!
[INFO ] 06-04-2024 07:48:15.817 am [http-nio-8082-exec-2] com.guest.service.Guest_ServiceImpl - List of guest is fetched!!
[INFO ] 06-04-2024 10:17:47.157 am [http-nio-8082-exec-8] com.guest.service.Guest_ServiceImpl - List of guest is fetched!!
[INFO ] 06-04-2024 03:54:21.873 pm [main] com.guest.service.Guest_ServiceImpl - Data added successfully
[INFO ] 06-04-2024 03:57:48.871 pm [main] com.guest.service.Guest_ServiceImpl - List of guest is fetched!!
[INFO ] 06-04-2024 03:57:48.886 pm [main] com.guest.service.Guest_ServiceImpl - List of guest is fetched!!
[INFO ] 06-04-2024 03:57:48.926 pm [main] com.guest.service.Guest_ServiceImpl - Data added successfully
[INFO ] 06-04-2024 04:00:30.556 pm [main] com.guest.service.Guest_ServiceImpl - Data is fetched for the id 200
[INFO ] 06-04-2024 04:00:30.572 pm [main] com.guest.service.Guest_ServiceImpl - Data is fetched for the id 200
[INFO ] 06-04-2024 04:00:30.622 pm [main] com.guest.service.Guest_ServiceImpl - List of guest is fetched!!
[INFO ] 06-04-2024 04:00:30.632 pm [main] com.guest.service.Guest_ServiceImpl - List of guest is fetched!!
[INFO ] 06-04-2024 04:00:30.654 pm [main] com.guest.service.Guest_ServiceImpl - Data added successfully
[INFO ] 06-04-2024 04:03:05.347 pm [main] com.guest.service.Guest_ServiceImpl - Guest with id 101 deleted successfully!
[INFO ] 06-04-2024 04:03:05.359 pm [main] com.guest.service.Guest_ServiceImpl - Guest with id 101 deleted successfully!
[INFO ] 06-04-2024 04:03:05.506 pm [main] com.guest.service.Guest_ServiceImpl - Data is fetched for the id 200
[INFO ] 06-04-2024 04:03:05.516 pm [main] com.guest.service.Guest_ServiceImpl - Data is fetched for the id 200
[INFO ] 06-04-2024 04:03:05.542 pm [main] com.guest.service.Guest_ServiceImpl - List of guest is fetched!!
[INFO ] 06-04-2024 04:03:05.554 pm [main] com.guest.service.Guest_ServiceImpl - List of guest is fetched!!
[INFO ] 06-04-2024 04:03:05.574 pm [main] com.guest.service.Guest_ServiceImpl - Data added successfully
[INFO ] 06-04-2024 04:06:41.970 pm [main] com.guest.service.Guest_ServiceImpl - Data is fetched for the id 200
[INFO ] 06-04-2024 04:06:41.986 pm [main] com.guest.service.Guest_ServiceImpl - Data is fetched for the id 200
[INFO ] 06-04-2024 04:06:42.084 pm [main] com.guest.service.Guest_ServiceImpl - Guest with id 101 deleted successfully!
[INFO ] 06-04-2024 04:06:42.090 pm [main] com.guest.service.Guest_ServiceImpl - Guest with id 101 deleted successfully!
[INFO ] 06-04-2024 04:06:42.118 pm [main] com.guest.service.Guest_ServiceImpl - List of guest is fetched!!
[INFO ] 06-04-2024 04:06:42.129 pm [main] com.guest.service.Guest_ServiceImpl - List of guest is fetched!!
[INFO ] 06-04-2024 04:06:42.175 pm [main] com.guest.service.Guest_ServiceImpl - Data added successfully
[INFO ] 06-04-2024 04:07:30.628 pm [main] com.guest.service.Guest_ServiceImpl - Data is fetched for the id 200
[INFO ] 06-04-2024 04:07:30.644 pm [main] com.guest.service.Guest_ServiceImpl - Data is fetched for the id 200
[INFO ] 06-04-2024 04:07:30.729 pm [main] com.guest.service.Guest_ServiceImpl - Guest with id 101 deleted successfully!
[INFO ] 06-04-2024 04:07:30.735 pm [main] com.guest.service.Guest_ServiceImpl - Guest with id 101 deleted successfully!
[INFO ] 06-04-2024 04:07:30.760 pm [main] com.guest.service.Guest_ServiceImpl - List of guest is fetched!!
[INFO ] 06-04-2024 04:07:30.779 pm [main] com.guest.service.Guest_ServiceImpl - List of guest is fetched!!
[INFO ] 06-04-2024 04:07:30.799 pm [main] com.guest.service.Guest_ServiceImpl - Phone Number updated successfully!!
[INFO ] 06-04-2024 04:07:30.833 pm [main] com.guest.service.Guest_ServiceImpl - Phone Number updated successfully!!
[INFO ] 06-04-2024 04:07:30.859 pm [main] com.guest.service.Guest_ServiceImpl - Data added successfully
[INFO ] 06-04-2024 04:10:36.022 pm [main] com.guest.service.Guest_ServiceImpl - Data is fetched for the id 200
[INFO ] 06-04-2024 04:10:36.037 pm [main] com.guest.service.Guest_ServiceImpl - Data is fetched for the id 200
[INFO ] 06-04-2024 04:10:36.080 pm [main] com.guest.service.Guest_ServiceImpl - Guest address updated successfully
[INFO ] 06-04-2024 04:10:36.136 pm [main] com.guest.service.Guest_ServiceImpl - Guest address updated successfully
[INFO ] 06-04-2024 04:10:36.174 pm [main] com.guest.service.Guest_ServiceImpl - Guest with id 101 deleted successfully!
[INFO ] 06-04-2024 04:10:36.179 pm [main] com.guest.service.Guest_ServiceImpl - Guest with id 101 deleted successfully!
[INFO ] 06-04-2024 04:10:36.203 pm [main] com.guest.service.Guest_ServiceImpl - List of guest is fetched!!
[INFO ] 06-04-2024 04:10:36.213 pm [main] com.guest.service.Guest_ServiceImpl - List of guest is fetched!!
[INFO ] 06-04-2024 04:10:36.230 pm [main] com.guest.service.Guest_ServiceImpl - Phone Number updated successfully!!
[INFO ] 06-04-2024 04:10:36.244 pm [main] com.guest.service.Guest_ServiceImpl - Phone Number updated successfully!!
[INFO ] 06-04-2024 04:10:36.267 pm [main] com.guest.service.Guest_ServiceImpl - Data added successfully
[INFO ] 06-04-2024 04:13:46.260 pm [main] com.guest.service.Guest_ServiceImpl - Guest Name updated successfully
[INFO ] 06-04-2024 04:13:46.355 pm [main] com.guest.service.Guest_ServiceImpl - Guest Name updated successfully
[INFO ] 06-04-2024 04:13:46.414 pm [main] com.guest.service.Guest_ServiceImpl - Data is fetched for the id 200
[INFO ] 06-04-2024 04:13:46.422 pm [main] com.guest.service.Guest_ServiceImpl - Data is fetched for the id 200
[INFO ] 06-04-2024 04:13:46.446 pm [main] com.guest.service.Guest_ServiceImpl - Guest Email updated successfully
[INFO ] 06-04-2024 04:13:46.464 pm [main] com.guest.service.Guest_ServiceImpl - Guest Email updated successfully
[INFO ] 06-04-2024 04:13:46.552 pm [main] com.guest.service.Guest_ServiceImpl - Guest with id 101 deleted successfully!
[INFO ] 06-04-2024 04:13:46.560 pm [main] com.guest.service.Guest_ServiceImpl - Guest with id 101 deleted successfully!
[INFO ] 06-04-2024 04:13:46.598 pm [main] com.guest.service.Guest_ServiceImpl - List of guest is fetched!!
[INFO ] 06-04-2024 04:13:46.613 pm [main] com.guest.service.Guest_ServiceImpl - List of guest is fetched!!
[INFO ] 06-04-2024 04:13:46.634 pm [main] com.guest.service.Guest_ServiceImpl - Phone Number updated successfully!!
[INFO ] 06-04-2024 04:13:46.649 pm [main] com.guest.service.Guest_ServiceImpl - Phone Number updated successfully!!
[INFO ] 06-04-2024 04:13:46.692 pm [main] com.guest.service.Guest_ServiceImpl - Guest address updated successfully
[INFO ] 06-04-2024 04:13:46.706 pm [main] com.guest.service.Guest_ServiceImpl - Guest address updated successfully
[INFO ] 06-04-2024 04:13:46.728 pm [main] com.guest.service.Guest_ServiceImpl - Data added successfully
[INFO ] 06-04-2024 04:13:46.757 pm [main] com.guest.service.Guest_ServiceImpl - Guest Gender updated successfully
[INFO ] 06-04-2024 04:13:46.773 pm [main] com.guest.service.Guest_ServiceImpl - Guest Gender updated successfully
[INFO ] 06-04-2024 04:14:33.763 pm [main] com.guest.service.Guest_ServiceImpl - Guest Name updated successfully
[INFO ] 06-04-2024 04:14:33.851 pm [main] com.guest.service.Guest_ServiceImpl - Guest Name updated successfully
[INFO ] 06-04-2024 04:14:33.915 pm [main] com.guest.service.Guest_ServiceImpl - Data is fetched for the id 200
[INFO ] 06-04-2024 04:14:33.922 pm [main] com.guest.service.Guest_ServiceImpl - Data is fetched for the id 200
[INFO ] 06-04-2024 04:14:33.948 pm [main] com.guest.service.Guest_ServiceImpl - Guest Email updated successfully
[INFO ] 06-04-2024 04:14:33.969 pm [main] com.guest.service.Guest_ServiceImpl - Guest Email updated successfully
[INFO ] 06-04-2024 04:14:34.019 pm [main] com.guest.service.Guest_ServiceImpl - Guest with id 101 deleted successfully!
[INFO ] 06-04-2024 04:14:34.025 pm [main] com.guest.service.Guest_ServiceImpl - Guest with id 101 deleted successfully!
[INFO ] 06-04-2024 04:14:34.072 pm [main] com.guest.service.Guest_ServiceImpl - List of guest is fetched!!
[INFO ] 06-04-2024 04:14:34.091 pm [main] com.guest.service.Guest_ServiceImpl - List of guest is fetched!!
[INFO ] 06-04-2024 04:14:34.122 pm [main] com.guest.service.Guest_ServiceImpl - Phone Number updated successfully!!
[INFO ] 06-04-2024 04:14:34.140 pm [main] com.guest.service.Guest_ServiceImpl - Phone Number updated successfully!!
[INFO ] 06-04-2024 04:14:34.185 pm [main] com.guest.service.Guest_ServiceImpl - Guest address updated successfully
[INFO ] 06-04-2024 04:14:34.204 pm [main] com.guest.service.Guest_ServiceImpl - Guest address updated successfully
[INFO ] 06-04-2024 04:14:34.226 pm [main] com.guest.service.Guest_ServiceImpl - Data added successfully
[INFO ] 06-04-2024 04:14:34.255 pm [main] com.guest.service.Guest_ServiceImpl - Guest Gender updated successfully
[INFO ] 06-04-2024 04:14:34.274 pm [main] com.guest.service.Guest_ServiceImpl - Guest Gender updated successfully
[INFO ] 06-04-2024 04:20:03.123 pm [main] com.guest.service.Guest_ServiceImpl - Guest Name updated successfully
[INFO ] 06-04-2024 04:20:03.275 pm [main] com.guest.service.Guest_ServiceImpl - Guest Name updated successfully
[INFO ] 06-04-2024 04:20:03.327 pm [main] com.guest.service.Guest_ServiceImpl - Data is fetched for the id 200
[INFO ] 06-04-2024 04:20:03.335 pm [main] com.guest.service.Guest_ServiceImpl - Data is fetched for the id 200
[INFO ] 06-04-2024 04:20:03.358 pm [main] com.guest.service.Guest_ServiceImpl - Guest Email updated successfully
[INFO ] 06-04-2024 04:20:03.376 pm [main] com.guest.service.Guest_ServiceImpl - Guest Email updated successfully
[INFO ] 06-04-2024 04:20:03.437 pm [main] com.guest.service.Guest_ServiceImpl - Guest with id 101 deleted successfully!
[INFO ] 06-04-2024 04:20:03.443 pm [main] com.guest.service.Guest_ServiceImpl - Guest with id 101 deleted successfully!
[INFO ] 06-04-2024 04:20:03.476 pm [main] com.guest.service.Guest_ServiceImpl - List of guest is fetched!!
[INFO ] 06-04-2024 04:20:03.494 pm [main] com.guest.service.Guest_ServiceImpl - List of guest is fetched!!
[INFO ] 06-04-2024 04:20:03.522 pm [main] com.guest.service.Guest_ServiceImpl - Phone Number updated successfully!!
[INFO ] 06-04-2024 04:20:03.542 pm [main] com.guest.service.Guest_ServiceImpl - Phone Number updated successfully!!
[INFO ] 06-04-2024 04:20:03.593 pm [main] com.guest.service.Guest_ServiceImpl - Guest address updated successfully
[INFO ] 06-04-2024 04:20:03.612 pm [main] com.guest.service.Guest_ServiceImpl - Guest address updated successfully
[INFO ] 06-04-2024 04:20:03.636 pm [main] com.guest.service.Guest_ServiceImpl - Data added successfully
[INFO ] 06-04-2024 04:20:03.689 pm [main] com.guest.service.Guest_ServiceImpl - Guest Gender updated successfully
[INFO ] 06-04-2024 04:20:03.705 pm [main] com.guest.service.Guest_ServiceImpl - Guest Gender updated successfully
[INFO ] 06-04-2024 04:22:12.687 pm [main] com.guest.service.Guest_ServiceImpl - Guest Name updated successfully
[INFO ] 06-04-2024 04:22:12.798 pm [main] com.guest.service.Guest_ServiceImpl - Guest Name updated successfully
[INFO ] 06-04-2024 04:22:12.854 pm [main] com.guest.service.Guest_ServiceImpl - Data is fetched for the id 200
[INFO ] 06-04-2024 04:22:12.861 pm [main] com.guest.service.Guest_ServiceImpl - Data is fetched for the id 200
[INFO ] 06-04-2024 04:22:12.879 pm [main] com.guest.service.Guest_ServiceImpl - Guest Email updated successfully
[INFO ] 06-04-2024 04:22:12.896 pm [main] com.guest.service.Guest_ServiceImpl - Guest Email updated successfully
[INFO ] 06-04-2024 04:22:12.950 pm [main] com.guest.service.Guest_ServiceImpl - Guest with id 101 deleted successfully!
[INFO ] 06-04-2024 04:22:12.958 pm [main] com.guest.service.Guest_ServiceImpl - Guest with id 101 deleted successfully!
[INFO ] 06-04-2024 04:22:12.989 pm [main] com.guest.service.Guest_ServiceImpl - List of guest is fetched!!
[INFO ] 06-04-2024 04:22:13.001 pm [main] com.guest.service.Guest_ServiceImpl - List of guest is fetched!!
[INFO ] 06-04-2024 04:22:13.023 pm [main] com.guest.service.Guest_ServiceImpl - Phone Number updated successfully!!
[INFO ] 06-04-2024 04:22:13.037 pm [main] com.guest.service.Guest_ServiceImpl - Phone Number updated successfully!!
[INFO ] 06-04-2024 04:22:13.099 pm [main] com.guest.service.Guest_ServiceImpl - Guest address updated successfully
[INFO ] 06-04-2024 04:22:13.115 pm [main] com.guest.service.Guest_ServiceImpl - Guest address updated successfully
[INFO ] 06-04-2024 04:22:13.137 pm [main] com.guest.service.Guest_ServiceImpl - Data added successfully
[INFO ] 06-04-2024 04:22:13.179 pm [main] com.guest.service.Guest_ServiceImpl - Guest Gender updated successfully
[INFO ] 06-04-2024 04:22:13.198 pm [main] com.guest.service.Guest_ServiceImpl - Guest Gender updated successfully
[INFO ] 07-04-2024 03:34:21.462 pm [http-nio-8082-exec-2] com.guest.service.Guest_ServiceImpl - Guest added successfully
[INFO ] 07-04-2024 03:34:49.267 pm [http-nio-8082-exec-3] com.guest.service.Guest_ServiceImpl - Guest added successfully
[INFO ] 07-04-2024 03:35:04.568 pm [http-nio-8082-exec-4] com.guest.service.Guest_ServiceImpl - Guest added successfully
[INFO ] 07-04-2024 03:35:22.839 pm [http-nio-8082-exec-5] com.guest.service.Guest_ServiceImpl - Guest added successfully
[INFO ] 07-04-2024 03:35:40.733 pm [http-nio-8082-exec-6] com.guest.service.Guest_ServiceImpl - Guest added successfully
[INFO ] 07-04-2024 03:36:01.306 pm [http-nio-8082-exec-7] com.guest.service.Guest_ServiceImpl - Guest added successfully
[INFO ] 07-04-2024 03:36:24.555 pm [http-nio-8082-exec-8] com.guest.service.Guest_ServiceImpl - Guest added successfully
[INFO ] 07-04-2024 03:36:59.607 pm [http-nio-8082-exec-9] com.guest.service.Guest_ServiceImpl - Guest added successfully
[ERROR] 07-04-2024 03:37:08.571 pm [http-nio-8082-exec-10] com.guest.service.Guest_ServiceImpl - Guest already exists with the given email or phone number
[ERROR] 07-04-2024 03:38:06.073 pm [http-nio-8082-exec-1] com.guest.service.Guest_ServiceImpl - Guest already exists with the given email or phone number
[ERROR] 07-04-2024 03:39:11.641 pm [http-nio-8082-exec-2] com.guest.service.Guest_ServiceImpl - Guest already exists with the given email or phone number
[ERROR] 07-04-2024 03:43:34.227 pm [main] com.guest.service.Guest_ServiceImpl - No data is present for the id 200
[INFO ] 07-04-2024 03:43:34.367 pm [main] com.guest.service.Guest_ServiceImpl - Guest with id 200 deleted successfully!
[INFO ] 07-04-2024 03:43:34.377 pm [main] com.guest.service.Guest_ServiceImpl - Guest with id 200 deleted successfully!
[INFO ] 07-04-2024 03:43:34.470 pm [main] com.guest.service.Guest_ServiceImpl - List of guest is fetched!!
[INFO ] 07-04-2024 03:43:34.484 pm [main] com.guest.service.Guest_ServiceImpl - List of guest is fetched!!
[ERROR] 07-04-2024 03:43:34.656 pm [main] com.guest.service.Guest_ServiceImpl - Guest already exists with the given email or phone number
[ERROR] 07-04-2024 03:44:27.041 pm [main] com.guest.service.Guest_ServiceImpl - No data is present for the id 200
[INFO ] 07-04-2024 03:44:27.170 pm [main] com.guest.service.Guest_ServiceImpl - Guest with id 200 deleted successfully!
[INFO ] 07-04-2024 03:44:27.179 pm [main] com.guest.service.Guest_ServiceImpl - Guest with id 200 deleted successfully!
[INFO ] 07-04-2024 03:44:27.285 pm [main] com.guest.service.Guest_ServiceImpl - List of guest is fetched!!
[INFO ] 07-04-2024 03:44:27.302 pm [main] com.guest.service.Guest_ServiceImpl - List of guest is fetched!!
[ERROR] 07-04-2024 03:44:27.494 pm [main] com.guest.service.Guest_ServiceImpl - Guest already exists with the given email or phone number
[ERROR] 07-04-2024 03:45:41.985 pm [main] com.guest.service.Guest_ServiceImpl - No data is present for the id 200
[INFO ] 07-04-2024 03:45:42.149 pm [main] com.guest.service.Guest_ServiceImpl - Guest with id 200 deleted successfully!
[INFO ] 07-04-2024 03:45:42.160 pm [main] com.guest.service.Guest_ServiceImpl - Guest with id 200 deleted successfully!
[INFO ] 07-04-2024 03:45:42.317 pm [main] com.guest.service.Guest_ServiceImpl - List of guest is fetched!!
[INFO ] 07-04-2024 03:45:42.342 pm [main] com.guest.service.Guest_ServiceImpl - List of guest is fetched!!
[INFO ] 07-04-2024 03:45:42.565 pm [main] com.guest.service.Guest_ServiceImpl - Guest added successfully
[INFO ] 07-04-2024 03:45:42.631 pm [main] com.guest.service.Guest_ServiceImpl - Guest with id 101 deleted successfully!
[ERROR] 07-04-2024 03:48:31.051 pm [main] com.guest.service.Guest_ServiceImpl - Guest already exists with the given email or phone number
[INFO ] 07-04-2024 03:48:31.131 pm [main] com.guest.service.Guest_ServiceImpl - Guest added successfully
[INFO ] 07-04-2024 03:48:31.236 pm [main] com.guest.service.Guest_ServiceImpl - Guest added successfully
[INFO ] 07-04-2024 03:48:31.265 pm [main] com.guest.service.Guest_ServiceImpl - Guest with id 200 deleted successfully!
[INFO ] 07-04-2024 03:48:31.272 pm [main] com.guest.service.Guest_ServiceImpl - Guest with id 200 deleted successfully!
[INFO ] 07-04-2024 03:48:31.287 pm [main] com.guest.service.Guest_ServiceImpl - Guest with id 101 deleted successfully!
[INFO ] 07-04-2024 03:48:31.295 pm [main] com.guest.service.Guest_ServiceImpl - Guest with id 102 deleted successfully!
[INFO ] 07-04-2024 03:48:31.333 pm [main] com.guest.service.Guest_ServiceImpl - List of guest is fetched!!
[INFO ] 07-04-2024 03:48:31.348 pm [main] com.guest.service.Guest_ServiceImpl - List of guest is fetched!!
[INFO ] 07-04-2024 03:48:31.462 pm [main] com.guest.service.Guest_ServiceImpl - Guest added successfully
[INFO ] 07-04-2024 03:48:31.481 pm [main] com.guest.service.Guest_ServiceImpl - Guest with id 101 deleted successfully!
[ERROR] 07-04-2024 03:49:18.726 pm [main] com.guest.service.Guest_ServiceImpl - Guest already exists with the given email or phone number
[INFO ] 07-04-2024 03:49:18.805 pm [main] com.guest.service.Guest_ServiceImpl - Guest added successfully
[INFO ] 07-04-2024 03:49:18.919 pm [main] com.guest.service.Guest_ServiceImpl - Guest added successfully
[INFO ] 07-04-2024 03:49:18.958 pm [main] com.guest.service.Guest_ServiceImpl - Guest with id 200 deleted successfully!
[INFO ] 07-04-2024 03:49:18.969 pm [main] com.guest.service.Guest_ServiceImpl - Guest with id 200 deleted successfully!
[INFO ] 07-04-2024 03:49:18.986 pm [main] com.guest.service.Guest_ServiceImpl - Guest with id 101 deleted successfully!
[INFO ] 07-04-2024 03:49:18.994 pm [main] com.guest.service.Guest_ServiceImpl - Guest with id 102 deleted successfully!
[INFO ] 07-04-2024 03:49:19.030 pm [main] com.guest.service.Guest_ServiceImpl - List of guest is fetched!!
[INFO ] 07-04-2024 03:49:19.045 pm [main] com.guest.service.Guest_ServiceImpl - List of guest is fetched!!
[INFO ] 07-04-2024 03:49:19.236 pm [main] com.guest.service.Guest_ServiceImpl - Guest added successfully
[INFO ] 07-04-2024 03:49:19.257 pm [main] com.guest.service.Guest_ServiceImpl - Guest with id 101 deleted successfully!
[ERROR] 07-04-2024 04:01:42.232 pm [main] com.guest.service.Guest_ServiceImpl - Guest already exists with the given email or phone number
[INFO ] 07-04-2024 04:01:42.362 pm [main] com.guest.service.Guest_ServiceImpl - Guest added successfully
[INFO ] 07-04-2024 04:01:42.513 pm [main] com.guest.service.Guest_ServiceImpl - Guest added successfully
[INFO ] 07-04-2024 04:01:42.555 pm [main] com.guest.service.Guest_ServiceImpl - Guest with id 200 deleted successfully!
[INFO ] 07-04-2024 04:01:42.563 pm [main] com.guest.service.Guest_ServiceImpl - Guest with id 200 deleted successfully!
[INFO ] 07-04-2024 04:01:42.585 pm [main] com.guest.service.Guest_ServiceImpl - Guest with id 101 deleted successfully!
[INFO ] 07-04-2024 04:01:42.594 pm [main] com.guest.service.Guest_ServiceImpl - Guest with id 102 deleted successfully!
[INFO ] 07-04-2024 04:01:42.642 pm [main] com.guest.service.Guest_ServiceImpl - List of guest is fetched!!
[INFO ] 07-04-2024 04:01:42.675 pm [main] com.guest.service.Guest_ServiceImpl - List of guest is fetched!!
[INFO ] 07-04-2024 04:01:42.927 pm [main] com.guest.service.Guest_ServiceImpl - Guest added successfully
[INFO ] 07-04-2024 04:01:42.950 pm [main] com.guest.service.Guest_ServiceImpl - Guest with id 101 deleted successfully!
[INFO ] 07-04-2024 04:02:58.862 pm [main] com.guest.service.Guest_ServiceImpl - Guest added successfully
[INFO ] 07-04-2024 04:02:59.059 pm [main] com.guest.service.Guest_ServiceImpl - Data is fetched for the id 101
[INFO ] 07-04-2024 04:02:59.071 pm [main] com.guest.service.Guest_ServiceImpl - Data is fetched for the id 101
[INFO ] 07-04-2024 04:02:59.106 pm [main] com.guest.service.Guest_ServiceImpl - Guest with id 101 deleted successfully!
[INFO ] 07-04-2024 04:02:59.172 pm [main] com.guest.service.Guest_ServiceImpl - Guest added successfully
[INFO ] 07-04-2024 04:02:59.212 pm [main] com.guest.service.Guest_ServiceImpl - Guest added successfully
[INFO ] 07-04-2024 04:02:59.233 pm [main] com.guest.service.Guest_ServiceImpl - Guest with id 200 deleted successfully!
[INFO ] 07-04-2024 04:02:59.240 pm [main] com.guest.service.Guest_ServiceImpl - Guest with id 200 deleted successfully!
[INFO ] 07-04-2024 04:02:59.250 pm [main] com.guest.service.Guest_ServiceImpl - Guest with id 101 deleted successfully!
[INFO ] 07-04-2024 04:02:59.258 pm [main] com.guest.service.Guest_ServiceImpl - Guest with id 102 deleted successfully!
[INFO ] 07-04-2024 04:02:59.294 pm [main] com.guest.service.Guest_ServiceImpl - List of guest is fetched!!
[INFO ] 07-04-2024 04:02:59.311 pm [main] com.guest.service.Guest_ServiceImpl - List of guest is fetched!!
[INFO ] 07-04-2024 04:02:59.451 pm [main] com.guest.service.Guest_ServiceImpl - Guest added successfully
[INFO ] 07-04-2024 04:02:59.469 pm [main] com.guest.service.Guest_ServiceImpl - Guest with id 101 deleted successfully!
[INFO ] 07-04-2024 04:04:04.672 pm [main] com.guest.service.Guest_ServiceImpl - Guest added successfully
[INFO ] 07-04-2024 04:04:04.884 pm [main] com.guest.service.Guest_ServiceImpl - Data is fetched for the id 101
[INFO ] 07-04-2024 04:04:04.896 pm [main] com.guest.service.Guest_ServiceImpl - Data is fetched for the id 101
[INFO ] 07-04-2024 04:04:04.933 pm [main] com.guest.service.Guest_ServiceImpl - Guest with id 101 deleted successfully!
[INFO ] 07-04-2024 04:04:04.998 pm [main] com.guest.service.Guest_ServiceImpl - Guest added successfully
[INFO ] 07-04-2024 04:04:05.042 pm [main] com.guest.service.Guest_ServiceImpl - Guest added successfully
[INFO ] 07-04-2024 04:04:05.064 pm [main] com.guest.service.Guest_ServiceImpl - Guest with id 200 deleted successfully!
[INFO ] 07-04-2024 04:04:05.073 pm [main] com.guest.service.Guest_ServiceImpl - Guest with id 200 deleted successfully!
[INFO ] 07-04-2024 04:04:05.080 pm [main] com.guest.service.Guest_ServiceImpl - Guest with id 101 deleted successfully!
[INFO ] 07-04-2024 04:04:05.089 pm [main] com.guest.service.Guest_ServiceImpl - Guest with id 102 deleted successfully!
[INFO ] 07-04-2024 04:04:05.125 pm [main] com.guest.service.Guest_ServiceImpl - List of guest is fetched!!
[INFO ] 07-04-2024 04:04:05.147 pm [main] com.guest.service.Guest_ServiceImpl - List of guest is fetched!!
[INFO ] 07-04-2024 04:04:05.194 pm [main] com.guest.service.Guest_ServiceImpl - Guest added successfully
[INFO ] 07-04-2024 04:04:05.214 pm [main] com.guest.service.Guest_ServiceImpl - Phone Number updated successfully!!
[INFO ] 07-04-2024 04:04:05.236 pm [main] com.guest.service.Guest_ServiceImpl - Phone Number updated successfully!!
[INFO ] 07-04-2024 04:04:05.352 pm [main] com.guest.service.Guest_ServiceImpl - Guest added successfully
[INFO ] 07-04-2024 04:04:05.375 pm [main] com.guest.service.Guest_ServiceImpl - Guest with id 101 deleted successfully!
[INFO ] 07-04-2024 04:04:35.547 pm [main] com.guest.service.Guest_ServiceImpl - Guest added successfully
[INFO ] 07-04-2024 04:04:35.730 pm [main] com.guest.service.Guest_ServiceImpl - Data is fetched for the id 101
[INFO ] 07-04-2024 04:04:35.740 pm [main] com.guest.service.Guest_ServiceImpl - Data is fetched for the id 101
[INFO ] 07-04-2024 04:04:35.774 pm [main] com.guest.service.Guest_ServiceImpl - Guest with id 101 deleted successfully!
[INFO ] 07-04-2024 04:04:35.843 pm [main] com.guest.service.Guest_ServiceImpl - Guest added successfully
[INFO ] 07-04-2024 04:04:35.878 pm [main] com.guest.service.Guest_ServiceImpl - Guest added successfully
[INFO ] 07-04-2024 04:04:35.895 pm [main] com.guest.service.Guest_ServiceImpl - Guest with id 200 deleted successfully!
[INFO ] 07-04-2024 04:04:35.904 pm [main] com.guest.service.Guest_ServiceImpl - Guest with id 200 deleted successfully!
[INFO ] 07-04-2024 04:04:35.913 pm [main] com.guest.service.Guest_ServiceImpl - Guest with id 101 deleted successfully!
[INFO ] 07-04-2024 04:04:35.921 pm [main] com.guest.service.Guest_ServiceImpl - Guest with id 102 deleted successfully!
[INFO ] 07-04-2024 04:04:35.965 pm [main] com.guest.service.Guest_ServiceImpl - List of guest is fetched!!
[INFO ] 07-04-2024 04:04:35.984 pm [main] com.guest.service.Guest_ServiceImpl - List of guest is fetched!!
[INFO ] 07-04-2024 04:04:36.017 pm [main] com.guest.service.Guest_ServiceImpl - Guest added successfully
[INFO ] 07-04-2024 04:04:36.036 pm [main] com.guest.service.Guest_ServiceImpl - Phone Number updated successfully!!
[INFO ] 07-04-2024 04:04:36.061 pm [main] com.guest.service.Guest_ServiceImpl - Phone Number updated successfully!!
[INFO ] 07-04-2024 04:04:36.081 pm [main] com.guest.service.Guest_ServiceImpl - Guest with id 101 deleted successfully!
[INFO ] 07-04-2024 04:04:36.190 pm [main] com.guest.service.Guest_ServiceImpl - Guest added successfully
[INFO ] 07-04-2024 04:04:36.208 pm [main] com.guest.service.Guest_ServiceImpl - Guest with id 101 deleted successfully!
[INFO ] 07-04-2024 04:07:42.725 pm [main] com.guest.service.Guest_ServiceImpl - Guest added successfully
[INFO ] 07-04-2024 04:07:42.918 pm [main] com.guest.service.Guest_ServiceImpl - Guest Name updated successfully
[INFO ] 07-04-2024 04:07:42.938 pm [main] com.guest.service.Guest_ServiceImpl - Guest Name updated successfully
[INFO ] 07-04-2024 04:07:42.979 pm [main] com.guest.service.Guest_ServiceImpl - Guest with id 200 deleted successfully!
[INFO ] 07-04-2024 04:07:43.056 pm [main] com.guest.service.Guest_ServiceImpl - Guest added successfully
[INFO ] 07-04-2024 04:07:43.079 pm [main] com.guest.service.Guest_ServiceImpl - Data is fetched for the id 101
[INFO ] 07-04-2024 04:07:43.090 pm [main] com.guest.service.Guest_ServiceImpl - Data is fetched for the id 101
[INFO ] 07-04-2024 04:07:43.097 pm [main] com.guest.service.Guest_ServiceImpl - Guest with id 101 deleted successfully!
[INFO ] 07-04-2024 04:07:43.133 pm [main] com.guest.service.Guest_ServiceImpl - Guest added successfully
[INFO ] 07-04-2024 04:07:43.153 pm [main] com.guest.service.Guest_ServiceImpl - Guest Email updated successfully
[INFO ] 07-04-2024 04:07:43.172 pm [main] com.guest.service.Guest_ServiceImpl - Guest Email updated successfully
[INFO ] 07-04-2024 04:07:43.194 pm [main] com.guest.service.Guest_ServiceImpl - Guest with id 200 deleted successfully!
[INFO ] 07-04-2024 04:07:43.231 pm [main] com.guest.service.Guest_ServiceImpl - Guest added successfully
[INFO ] 07-04-2024 04:07:43.260 pm [main] com.guest.service.Guest_ServiceImpl - Guest added successfully
[INFO ] 07-04-2024 04:07:43.277 pm [main] com.guest.service.Guest_ServiceImpl - Guest with id 200 deleted successfully!
[INFO ] 07-04-2024 04:07:43.285 pm [main] com.guest.service.Guest_ServiceImpl - Guest with id 200 deleted successfully!
[INFO ] 07-04-2024 04:07:43.292 pm [main] com.guest.service.Guest_ServiceImpl - Guest with id 101 deleted successfully!
[INFO ] 07-04-2024 04:07:43.300 pm [main] com.guest.service.Guest_ServiceImpl - Guest with id 102 deleted successfully!
[INFO ] 07-04-2024 04:07:43.338 pm [main] com.guest.service.Guest_ServiceImpl - List of guest is fetched!!
[INFO ] 07-04-2024 04:07:43.356 pm [main] com.guest.service.Guest_ServiceImpl - List of guest is fetched!!
[INFO ] 07-04-2024 04:07:43.394 pm [main] com.guest.service.Guest_ServiceImpl - Guest added successfully
[INFO ] 07-04-2024 04:07:43.412 pm [main] com.guest.service.Guest_ServiceImpl - Phone Number updated successfully!!
[INFO ] 07-04-2024 04:07:43.430 pm [main] com.guest.service.Guest_ServiceImpl - Phone Number updated successfully!!
[INFO ] 07-04-2024 04:07:43.445 pm [main] com.guest.service.Guest_ServiceImpl - Guest with id 101 deleted successfully!
[INFO ] 07-04-2024 04:07:43.528 pm [main] com.guest.service.Guest_ServiceImpl - Guest added successfully
[INFO ] 07-04-2024 04:07:43.544 pm [main] com.guest.service.Guest_ServiceImpl - Guest address updated successfully
[INFO ] 07-04-2024 04:07:43.562 pm [main] com.guest.service.Guest_ServiceImpl - Guest address updated successfully
[INFO ] 07-04-2024 04:07:43.582 pm [main] com.guest.service.Guest_ServiceImpl - Guest with id 101 deleted successfully!
[INFO ] 07-04-2024 04:07:43.609 pm [main] com.guest.service.Guest_ServiceImpl - Guest added successfully
[INFO ] 07-04-2024 04:07:43.624 pm [main] com.guest.service.Guest_ServiceImpl - Guest with id 101 deleted successfully!
[INFO ] 07-04-2024 04:07:43.674 pm [main] com.guest.service.Guest_ServiceImpl - Guest added successfully
[INFO ] 07-04-2024 04:07:43.690 pm [main] com.guest.service.Guest_ServiceImpl - Guest Gender updated successfully
[INFO ] 07-04-2024 04:07:43.708 pm [main] com.guest.service.Guest_ServiceImpl - Guest Gender updated successfully
[INFO ] 07-04-2024 04:07:43.725 pm [main] com.guest.service.Guest_ServiceImpl - Guest with id 200 deleted successfully!
[INFO ] 07-04-2024 04:08:44.987 pm [main] com.guest.service.Guest_ServiceImpl - Guest added successfully
[INFO ] 07-04-2024 04:08:45.155 pm [main] com.guest.service.Guest_ServiceImpl - Guest Name updated successfully
[INFO ] 07-04-2024 04:08:45.183 pm [main] com.guest.service.Guest_ServiceImpl - Guest Name updated successfully
[INFO ] 07-04-2024 04:08:45.235 pm [main] com.guest.service.Guest_ServiceImpl - Guest with id 200 deleted successfully!
[INFO ] 07-04-2024 04:08:45.311 pm [main] com.guest.service.Guest_ServiceImpl - Guest added successfully
[INFO ] 07-04-2024 04:08:45.332 pm [main] com.guest.service.Guest_ServiceImpl - Data is fetched for the id 101
[INFO ] 07-04-2024 04:08:45.344 pm [main] com.guest.service.Guest_ServiceImpl - Data is fetched for the id 101
[INFO ] 07-04-2024 04:08:45.353 pm [main] com.guest.service.Guest_ServiceImpl - Guest with id 101 deleted successfully!
[INFO ] 07-04-2024 04:08:45.395 pm [main] com.guest.service.Guest_ServiceImpl - Guest added successfully
[INFO ] 07-04-2024 04:08:45.418 pm [main] com.guest.service.Guest_ServiceImpl - Guest Email updated successfully
[INFO ] 07-04-2024 04:08:45.443 pm [main] com.guest.service.Guest_ServiceImpl - Guest Email updated successfully
[INFO ] 07-04-2024 04:08:45.462 pm [main] com.guest.service.Guest_ServiceImpl - Guest with id 200 deleted successfully!
[INFO ] 07-04-2024 04:08:45.508 pm [main] com.guest.service.Guest_ServiceImpl - Guest added successfully
[INFO ] 07-04-2024 04:08:45.535 pm [main] com.guest.service.Guest_ServiceImpl - Guest added successfully
[INFO ] 07-04-2024 04:08:45.555 pm [main] com.guest.service.Guest_ServiceImpl - Guest with id 200 deleted successfully!
[INFO ] 07-04-2024 04:08:45.563 pm [main] com.guest.service.Guest_ServiceImpl - Guest with id 200 deleted successfully!
[INFO ] 07-04-2024 04:08:45.571 pm [main] com.guest.service.Guest_ServiceImpl - Guest with id 101 deleted successfully!
[INFO ] 07-04-2024 04:08:45.581 pm [main] com.guest.service.Guest_ServiceImpl - Guest with id 102 deleted successfully!
[INFO ] 07-04-2024 04:08:45.630 pm [main] com.guest.service.Guest_ServiceImpl - List of guest is fetched!!
[INFO ] 07-04-2024 04:08:45.648 pm [main] com.guest.service.Guest_ServiceImpl - List of guest is fetched!!
[INFO ] 07-04-2024 04:08:45.712 pm [main] com.guest.service.Guest_ServiceImpl - Guest added successfully
[INFO ] 07-04-2024 04:08:45.736 pm [main] com.guest.service.Guest_ServiceImpl - Phone Number updated successfully!!
[INFO ] 07-04-2024 04:08:45.761 pm [main] com.guest.service.Guest_ServiceImpl - Phone Number updated successfully!!
[INFO ] 07-04-2024 04:08:45.783 pm [main] com.guest.service.Guest_ServiceImpl - Guest with id 101 deleted successfully!
[INFO ] 07-04-2024 04:08:45.892 pm [main] com.guest.service.Guest_ServiceImpl - Guest added successfully
[INFO ] 07-04-2024 04:08:45.912 pm [main] com.guest.service.Guest_ServiceImpl - Guest address updated successfully
[INFO ] 07-04-2024 04:08:45.930 pm [main] com.guest.service.Guest_ServiceImpl - Guest address updated successfully
[INFO ] 07-04-2024 04:08:45.946 pm [main] com.guest.service.Guest_ServiceImpl - Guest with id 101 deleted successfully!
[INFO ] 07-04-2024 04:08:45.980 pm [main] com.guest.service.Guest_ServiceImpl - Guest added successfully
[INFO ] 07-04-2024 04:08:46.000 pm [main] com.guest.service.Guest_ServiceImpl - Guest with id 101 deleted successfully!
[INFO ] 07-04-2024 04:08:46.057 pm [main] com.guest.service.Guest_ServiceImpl - Guest added successfully
[INFO ] 07-04-2024 04:08:46.073 pm [main] com.guest.service.Guest_ServiceImpl - Guest Gender updated successfully
[INFO ] 07-04-2024 04:08:46.088 pm [main] com.guest.service.Guest_ServiceImpl - Guest Gender updated successfully
[INFO ] 07-04-2024 04:08:46.101 pm [main] com.guest.service.Guest_ServiceImpl - Guest with id 200 deleted successfully!
[ERROR] 08-04-2024 10:48:28.768 am [http-nio-8082-exec-1] com.guest.service.Guest_ServiceImpl - Guest already exists with the given email or phone number
[ERROR] 08-04-2024 10:48:38.637 am [http-nio-8082-exec-3] com.guest.service.Guest_ServiceImpl - Guest already exists with the given email or phone number
[INFO ] 08-04-2024 10:48:43.248 am [http-nio-8082-exec-4] com.guest.service.Guest_ServiceImpl - Guest added successfully
[INFO ] 08-04-2024 10:50:32.517 am [http-nio-8082-exec-2] com.guest.service.Guest_ServiceImpl - Guest added successfully
[INFO ] 08-04-2024 10:51:58.559 am [http-nio-8082-exec-2] com.guest.service.Guest_ServiceImpl - Guest added successfully
[INFO ] 08-04-2024 11:00:04.362 am [main] com.guest.service.Guest_ServiceImpl - Guest added successfully
[INFO ] 08-04-2024 11:00:04.525 am [main] com.guest.service.Guest_ServiceImpl - Guest Name updated successfully
[INFO ] 08-04-2024 11:00:04.542 am [main] com.guest.service.Guest_ServiceImpl - Guest Name updated successfully
[INFO ] 08-04-2024 11:00:04.571 am [main] com.guest.service.Guest_ServiceImpl - Guest with id 200 deleted successfully!
[INFO ] 08-04-2024 11:00:04.623 am [main] com.guest.service.Guest_ServiceImpl - Guest added successfully
[INFO ] 08-04-2024 11:00:04.639 am [main] com.guest.service.Guest_ServiceImpl - Data is fetched for the id 101
[INFO ] 08-04-2024 11:00:04.646 am [main] com.guest.service.Guest_ServiceImpl - Data is fetched for the id 101
[INFO ] 08-04-2024 11:00:04.650 am [main] com.guest.service.Guest_ServiceImpl - Guest with id 101 deleted successfully!
[INFO ] 08-04-2024 11:00:04.678 am [main] com.guest.service.Guest_ServiceImpl - Guest added successfully
[INFO ] 08-04-2024 11:00:04.692 am [main] com.guest.service.Guest_ServiceImpl - Guest Email updated successfully
[INFO ] 08-04-2024 11:00:04.707 am [main] com.guest.service.Guest_ServiceImpl - Guest Email updated successfully
[INFO ] 08-04-2024 11:00:04.720 am [main] com.guest.service.Guest_ServiceImpl - Guest with id 200 deleted successfully!
[INFO ] 08-04-2024 11:00:04.744 am [main] com.guest.service.Guest_ServiceImpl - Guest added successfully
[INFO ] 08-04-2024 11:00:04.764 am [main] com.guest.service.Guest_ServiceImpl - Guest added successfully
[INFO ] 08-04-2024 11:00:04.778 am [main] com.guest.service.Guest_ServiceImpl - Guest with id 200 deleted successfully!
[INFO ] 08-04-2024 11:00:04.783 am [main] com.guest.service.Guest_ServiceImpl - Guest with id 200 deleted successfully!
[INFO ] 08-04-2024 11:00:04.790 am [main] com.guest.service.Guest_ServiceImpl - Guest with id 101 deleted successfully!
[INFO ] 08-04-2024 11:00:04.796 am [main] com.guest.service.Guest_ServiceImpl - Guest with id 102 deleted successfully!
[INFO ] 08-04-2024 11:00:04.825 am [main] com.guest.service.Guest_ServiceImpl - List of guest is fetched!!
[INFO ] 08-04-2024 11:00:04.836 am [main] com.guest.service.Guest_ServiceImpl - List of guest is fetched!!
[INFO ] 08-04-2024 11:00:04.871 am [main] com.guest.service.Guest_ServiceImpl - Guest added successfully
[INFO ] 08-04-2024 11:00:04.884 am [main] com.guest.service.Guest_ServiceImpl - Phone Number updated successfully!!
[INFO ] 08-04-2024 11:00:04.898 am [main] com.guest.service.Guest_ServiceImpl - Phone Number updated successfully!!
[INFO ] 08-04-2024 11:00:04.908 am [main] com.guest.service.Guest_ServiceImpl - Guest with id 101 deleted successfully!
[INFO ] 08-04-2024 11:00:04.968 am [main] com.guest.service.Guest_ServiceImpl - Guest added successfully
[INFO ] 08-04-2024 11:00:04.986 am [main] com.guest.service.Guest_ServiceImpl - Guest address updated successfully
[INFO ] 08-04-2024 11:00:05.000 am [main] com.guest.service.Guest_ServiceImpl - Guest address updated successfully
[INFO ] 08-04-2024 11:00:05.013 am [main] com.guest.service.Guest_ServiceImpl - Guest with id 101 deleted successfully!
[INFO ] 08-04-2024 11:00:05.037 am [main] com.guest.service.Guest_ServiceImpl - Guest added successfully
[INFO ] 08-04-2024 11:00:05.049 am [main] com.guest.service.Guest_ServiceImpl - Guest with id 101 deleted successfully!
[INFO ] 08-04-2024 11:00:05.095 am [main] com.guest.service.Guest_ServiceImpl - Guest added successfully
[INFO ] 08-04-2024 11:00:05.106 am [main] com.guest.service.Guest_ServiceImpl - Guest Gender updated successfully
[INFO ] 08-04-2024 11:00:05.117 am [main] com.guest.service.Guest_ServiceImpl - Guest Gender updated successfully
[INFO ] 08-04-2024 11:00:05.130 am [main] com.guest.service.Guest_ServiceImpl - Guest with id 200 deleted successfully!
[INFO ] 08-04-2024 12:04:20.031 pm [main] com.guest.service.Guest_ServiceImpl - Guest added successfully
[INFO ] 08-04-2024 12:04:20.188 pm [main] com.guest.service.Guest_ServiceImpl - Guest Name updated successfully
[INFO ] 08-04-2024 12:04:20.204 pm [main] com.guest.service.Guest_ServiceImpl - Guest Name updated successfully
[INFO ] 08-04-2024 12:04:20.236 pm [main] com.guest.service.Guest_ServiceImpl - Guest with id 200 deleted successfully!
[INFO ] 08-04-2024 12:04:20.277 pm [main] com.guest.service.Guest_ServiceImpl - Guest added successfully
[INFO ] 08-04-2024 12:04:20.292 pm [main] com.guest.service.Guest_ServiceImpl - Data is fetched for the id 101
[INFO ] 08-04-2024 12:04:20.298 pm [main] com.guest.service.Guest_ServiceImpl - Data is fetched for the id 101
[INFO ] 08-04-2024 12:04:20.303 pm [main] com.guest.service.Guest_ServiceImpl - Guest with id 101 deleted successfully!
[INFO ] 08-04-2024 12:04:20.323 pm [main] com.guest.service.Guest_ServiceImpl - Guest added successfully
[INFO ] 08-04-2024 12:04:20.334 pm [main] com.guest.service.Guest_ServiceImpl - Guest Email updated successfully
[INFO ] 08-04-2024 12:04:20.345 pm [main] com.guest.service.Guest_ServiceImpl - Guest Email updated successfully
[INFO ] 08-04-2024 12:04:20.359 pm [main] com.guest.service.Guest_ServiceImpl - Guest with id 200 deleted successfully!
[INFO ] 08-04-2024 12:04:20.379 pm [main] com.guest.service.Guest_ServiceImpl - Guest added successfully
[INFO ] 08-04-2024 12:04:20.395 pm [main] com.guest.service.Guest_ServiceImpl - Guest added successfully
[INFO ] 08-04-2024 12:04:20.405 pm [main] com.guest.service.Guest_ServiceImpl - Guest with id 200 deleted successfully!
[INFO ] 08-04-2024 12:04:20.410 pm [main] com.guest.service.Guest_ServiceImpl - Guest with id 200 deleted successfully!
[INFO ] 08-04-2024 12:04:20.414 pm [main] com.guest.service.Guest_ServiceImpl - Guest with id 101 deleted successfully!
[INFO ] 08-04-2024 12:04:20.419 pm [main] com.guest.service.Guest_ServiceImpl - Guest with id 102 deleted successfully!
[INFO ] 08-04-2024 12:04:20.443 pm [main] com.guest.service.Guest_ServiceImpl - List of guest is fetched!!
[INFO ] 08-04-2024 12:04:20.456 pm [main] com.guest.service.Guest_ServiceImpl - List of guest is fetched!!
[INFO ] 08-04-2024 12:04:20.490 pm [main] com.guest.service.Guest_ServiceImpl - Guest added successfully
[INFO ] 08-04-2024 12:04:20.501 pm [main] com.guest.service.Guest_ServiceImpl - Phone Number updated successfully!!
[INFO ] 08-04-2024 12:04:20.511 pm [main] com.guest.service.Guest_ServiceImpl - Phone Number updated successfully!!
[INFO ] 08-04-2024 12:04:20.520 pm [main] com.guest.service.Guest_ServiceImpl - Guest with id 101 deleted successfully!
[INFO ] 08-04-2024 12:04:20.574 pm [main] com.guest.service.Guest_ServiceImpl - Guest added successfully
[INFO ] 08-04-2024 12:04:20.588 pm [main] com.guest.service.Guest_ServiceImpl - Guest address updated successfully
[INFO ] 08-04-2024 12:04:20.602 pm [main] com.guest.service.Guest_ServiceImpl - Guest address updated successfully
[INFO ] 08-04-2024 12:04:20.615 pm [main] com.guest.service.Guest_ServiceImpl - Guest with id 101 deleted successfully!
[INFO ] 08-04-2024 12:04:20.642 pm [main] com.guest.service.Guest_ServiceImpl - Guest added successfully
[INFO ] 08-04-2024 12:04:20.657 pm [main] com.guest.service.Guest_ServiceImpl - Guest with id 101 deleted successfully!
[INFO ] 08-04-2024 12:04:20.689 pm [main] com.guest.service.Guest_ServiceImpl - Guest added successfully
[INFO ] 08-04-2024 12:04:20.699 pm [main] com.guest.service.Guest_ServiceImpl - Guest Gender updated successfully
[INFO ] 08-04-2024 12:04:20.710 pm [main] com.guest.service.Guest_ServiceImpl - Guest Gender updated successfully
[INFO ] 08-04-2024 12:04:20.721 pm [main] com.guest.service.Guest_ServiceImpl - Guest with id 200 deleted successfully!
[INFO ] 09-04-2024 05:54:38.244 pm [main] com.guest.service.Guest_ServiceImpl - Guest added successfully
[INFO ] 09-04-2024 05:54:38.569 pm [main] com.guest.service.Guest_ServiceImpl - Guest Name updated successfully
[INFO ] 09-04-2024 05:54:38.624 pm [main] com.guest.service.Guest_ServiceImpl - Guest Name updated successfully
[INFO ] 09-04-2024 05:54:38.690 pm [main] com.guest.service.Guest_ServiceImpl - Guest with id 200 deleted successfully!
[INFO ] 09-04-2024 05:54:38.785 pm [main] com.guest.service.Guest_ServiceImpl - Guest added successfully
[INFO ] 09-04-2024 05:54:38.809 pm [main] com.guest.service.Guest_ServiceImpl - Data is fetched for the id 101
[INFO ] 09-04-2024 05:54:38.822 pm [main] com.guest.service.Guest_ServiceImpl - Data is fetched for the id 101
[INFO ] 09-04-2024 05:54:38.831 pm [main] com.guest.service.Guest_ServiceImpl - Guest with id 101 deleted successfully!
[INFO ] 09-04-2024 05:54:38.878 pm [main] com.guest.service.Guest_ServiceImpl - Guest added successfully
[INFO ] 09-04-2024 05:54:38.904 pm [main] com.guest.service.Guest_ServiceImpl - Guest Email updated successfully
[INFO ] 09-04-2024 05:54:38.933 pm [main] com.guest.service.Guest_ServiceImpl - Guest Email updated successfully
[INFO ] 09-04-2024 05:54:38.955 pm [main] com.guest.service.Guest_ServiceImpl - Guest with id 200 deleted successfully!
[INFO ] 09-04-2024 05:54:39.001 pm [main] com.guest.service.Guest_ServiceImpl - Guest added successfully
[INFO ] 09-04-2024 05:54:39.036 pm [main] com.guest.service.Guest_ServiceImpl - Guest added successfully
[INFO ] 09-04-2024 05:54:39.056 pm [main] com.guest.service.Guest_ServiceImpl - Guest with id 200 deleted successfully!
[INFO ] 09-04-2024 05:54:39.065 pm [main] com.guest.service.Guest_ServiceImpl - Guest with id 200 deleted successfully!
[INFO ] 09-04-2024 05:54:39.076 pm [main] com.guest.service.Guest_ServiceImpl - Guest with id 101 deleted successfully!
[INFO ] 09-04-2024 05:54:39.085 pm [main] com.guest.service.Guest_ServiceImpl - Guest with id 102 deleted successfully!
[INFO ] 09-04-2024 05:54:39.133 pm [main] com.guest.service.Guest_ServiceImpl - List of guest is fetched!!
[INFO ] 09-04-2024 05:54:39.153 pm [main] com.guest.service.Guest_ServiceImpl - List of guest is fetched!!
[INFO ] 09-04-2024 05:54:39.221 pm [main] com.guest.service.Guest_ServiceImpl - Guest added successfully
[INFO ] 09-04-2024 05:54:39.249 pm [main] com.guest.service.Guest_ServiceImpl - Phone Number updated successfully!!
[INFO ] 09-04-2024 05:54:39.273 pm [main] com.guest.service.Guest_ServiceImpl - Phone Number updated successfully!!
[INFO ] 09-04-2024 05:54:39.299 pm [main] com.guest.service.Guest_ServiceImpl - Guest with id 101 deleted successfully!
[INFO ] 09-04-2024 05:54:39.426 pm [main] com.guest.service.Guest_ServiceImpl - Guest added successfully
[INFO ] 09-04-2024 05:54:39.470 pm [main] com.guest.service.Guest_ServiceImpl - Guest address updated successfully
[INFO ] 09-04-2024 05:54:39.495 pm [main] com.guest.service.Guest_ServiceImpl - Guest address updated successfully
[INFO ] 09-04-2024 05:54:39.514 pm [main] com.guest.service.Guest_ServiceImpl - Guest with id 101 deleted successfully!
[INFO ] 09-04-2024 05:54:39.578 pm [main] com.guest.service.Guest_ServiceImpl - Guest added successfully
[INFO ] 09-04-2024 05:54:39.605 pm [main] com.guest.service.Guest_ServiceImpl - Guest with id 101 deleted successfully!
[INFO ] 09-04-2024 05:54:39.675 pm [main] com.guest.service.Guest_ServiceImpl - Guest added successfully
[INFO ] 09-04-2024 05:54:39.702 pm [main] com.guest.service.Guest_ServiceImpl - Guest Gender updated successfully
[INFO ] 09-04-2024 05:54:39.763 pm [main] com.guest.service.Guest_ServiceImpl - Guest Gender updated successfully
[INFO ] 09-04-2024 05:54:39.795 pm [main] com.guest.service.Guest_ServiceImpl - Guest with id 200 deleted successfully!
[INFO ] 11-04-2024 03:12:03.286 pm [http-nio-8082-exec-1] com.guest.service.Guest_ServiceImpl - List of guest is fetched!!
[INFO ] 11-04-2024 03:15:14.295 pm [http-nio-8082-exec-3] com.guest.service.Guest_ServiceImpl - List of guest is fetched!!
[INFO ] 11-04-2024 03:15:31.115 pm [http-nio-8082-exec-5] com.guest.service.Guest_ServiceImpl - Guest added successfully
[INFO ] 11-04-2024 03:15:50.534 pm [http-nio-8082-exec-6] com.guest.service.Guest_ServiceImpl - List of guest is fetched!!
[INFO ] 11-04-2024 03:15:53.885 pm [http-nio-8082-exec-7] com.guest.service.Guest_ServiceImpl - Guest added successfully
[INFO ] 11-04-2024 03:16:01.555 pm [http-nio-8082-exec-8] com.guest.service.Guest_ServiceImpl - List of guest is fetched!!
[ERROR] 11-04-2024 03:16:05.980 pm [http-nio-8082-exec-9] com.guest.service.Guest_ServiceImpl - Guest already exists with the given email or phone number
[INFO ] 13-04-2024 10:21:31.762 pm [http-nio-8082-exec-6] com.guest.service.Guest_ServiceImpl - Guest added successfully
[INFO ] 14-04-2024 10:42:01.005 am [http-nio-8082-exec-1] com.guest.service.Guest_ServiceImpl - List of guest is fetched!!
[INFO ] 14-04-2024 10:44:48.676 am [http-nio-8082-exec-5] com.guest.service.Guest_ServiceImpl - List of guest is fetched!!
[INFO ] 14-04-2024 10:45:22.426 am [http-nio-8082-exec-3] com.guest.service.Guest_ServiceImpl - List of guest is fetched!!
[INFO ] 14-04-2024 10:45:37.215 am [http-nio-8082-exec-6] com.guest.service.Guest_ServiceImpl - List of guest is fetched!!
[INFO ] 14-04-2024 10:46:21.139 am [http-nio-8082-exec-9] com.guest.service.Guest_ServiceImpl - List of guest is fetched!!
[INFO ] 14-04-2024 10:46:28.913 am [http-nio-8082-exec-10] com.guest.service.Guest_ServiceImpl - List of guest is fetched!!
[INFO ] 14-04-2024 10:47:56.155 am [http-nio-8082-exec-7] com.guest.service.Guest_ServiceImpl - List of guest is fetched!!
[INFO ] 14-04-2024 10:50:58.944 am [http-nio-8082-exec-1] com.guest.service.Guest_ServiceImpl - Data is fetched for the phoneNumber 1234567890
[INFO ] 14-04-2024 10:53:41.451 am [http-nio-8082-exec-5] com.guest.service.Guest_ServiceImpl - List of guest is fetched!!
[INFO ] 14-04-2024 10:54:01.044 am [http-nio-8082-exec-3] com.guest.service.Guest_ServiceImpl - Name updated successfully!!
[INFO ] 14-04-2024 10:54:02.696 am [http-nio-8082-exec-6] com.guest.service.Guest_ServiceImpl - List of guest is fetched!!
[INFO ] 14-04-2024 10:56:26.763 am [http-nio-8082-exec-10] com.guest.service.Guest_ServiceImpl - List of guest is fetched!!
[INFO ] 14-04-2024 10:56:36.874 am [http-nio-8082-exec-4] com.guest.service.Guest_ServiceImpl - Email updated successfully!!
[INFO ] 14-04-2024 10:56:38.534 am [http-nio-8082-exec-7] com.guest.service.Guest_ServiceImpl - List of guest is fetched!!
[INFO ] 14-04-2024 10:56:50.163 am [http-nio-8082-exec-8] com.guest.service.Guest_ServiceImpl - Data is fetched for the phoneNumber 1010102020
[INFO ] 14-04-2024 10:57:08.682 am [http-nio-8082-exec-1] com.guest.service.Guest_ServiceImpl - List of guest is fetched!!
[INFO ] 14-04-2024 10:57:17.496 am [http-nio-8082-exec-2] com.guest.service.Guest_ServiceImpl - List of guest is fetched!!
[INFO ] 14-04-2024 11:32:02.373 am [http-nio-8082-exec-3] com.guest.service.Guest_ServiceImpl - List of guest is fetched!!
[INFO ] 14-04-2024 05:01:47.288 pm [http-nio-8082-exec-9] com.guest.service.Guest_ServiceImpl - List of guest is fetched!!
[INFO ] 14-04-2024 05:02:18.972 pm [http-nio-8082-exec-10] com.guest.service.Guest_ServiceImpl - List of guest is fetched!!
[INFO ] 14-04-2024 05:02:34.980 pm [http-nio-8082-exec-4] com.guest.service.Guest_ServiceImpl - List of guest is fetched!!
[INFO ] 14-04-2024 05:03:07.481 pm [http-nio-8082-exec-7] com.guest.service.Guest_ServiceImpl - List of guest is fetched!!
[INFO ] 14-04-2024 05:03:19.446 pm [http-nio-8082-exec-8] com.guest.service.Guest_ServiceImpl - List of guest is fetched!!
[INFO ] 14-04-2024 05:03:25.942 pm [http-nio-8082-exec-1] com.guest.service.Guest_ServiceImpl - Guest with phoneNumber 1234565432 deleted successfully!
[INFO ] 14-04-2024 05:03:27.618 pm [http-nio-8082-exec-2] com.guest.service.Guest_ServiceImpl - List of guest is fetched!!
[INFO ] 14-04-2024 05:05:09.525 pm [http-nio-8082-exec-3] com.guest.service.Guest_ServiceImpl - Data is fetched for the phoneNumber 1234567890
[INFO ] 14-04-2024 05:06:48.618 pm [http-nio-8082-exec-9] com.guest.service.Guest_ServiceImpl - Name updated successfully!!
[INFO ] 14-04-2024 05:06:51.822 pm [http-nio-8082-exec-10] com.guest.service.Guest_ServiceImpl - List of guest is fetched!!
[INFO ] 14-04-2024 05:08:25.046 pm [http-nio-8082-exec-7] com.guest.service.Guest_ServiceImpl - List of guest is fetched!!
[INFO ] 14-04-2024 05:08:38.128 pm [http-nio-8082-exec-8] com.guest.service.Guest_ServiceImpl - Email updated successfully!!
[INFO ] 14-04-2024 05:08:42.549 pm [http-nio-8082-exec-1] com.guest.service.Guest_ServiceImpl - List of guest is fetched!!
[INFO ] 14-04-2024 05:10:43.532 pm [http-nio-8082-exec-5] com.guest.service.Guest_ServiceImpl - List of guest is fetched!!
[INFO ] 14-04-2024 05:42:31.067 pm [http-nio-8082-exec-6] com.guest.service.Guest_ServiceImpl - List of guest is fetched!!
[INFO ] 14-04-2024 06:41:13.268 pm [main] com.guest.service.Guest_ServiceImpl - Guest added successfully
[INFO ] 14-04-2024 06:41:13.442 pm [main] com.guest.service.Guest_ServiceImpl - Name updated successfully!!
[INFO ] 14-04-2024 06:41:13.459 pm [main] com.guest.service.Guest_ServiceImpl - Name updated successfully!!
[INFO ] 14-04-2024 06:41:13.507 pm [main] com.guest.service.Guest_ServiceImpl - Guest with phoneNumber 1234567891 deleted successfully!
[INFO ] 14-04-2024 06:41:13.577 pm [main] com.guest.service.Guest_ServiceImpl - Guest added successfully
[INFO ] 14-04-2024 06:41:13.594 pm [main] com.guest.service.Guest_ServiceImpl - Data is fetched for the phoneNumber 1234567894
[INFO ] 14-04-2024 06:41:13.603 pm [main] com.guest.service.Guest_ServiceImpl - Data is fetched for the phoneNumber 1234567894
[INFO ] 14-04-2024 06:41:13.609 pm [main] com.guest.service.Guest_ServiceImpl - Guest with phoneNumber 1234567894 deleted successfully!
[INFO ] 14-04-2024 06:41:13.640 pm [main] com.guest.service.Guest_ServiceImpl - Guest added successfully
[INFO ] 14-04-2024 06:41:13.660 pm [main] com.guest.service.Guest_ServiceImpl - Email updated successfully!!
[INFO ] 14-04-2024 06:41:13.679 pm [main] com.guest.service.Guest_ServiceImpl - Email updated successfully!!
[INFO ] 14-04-2024 06:41:13.699 pm [main] com.guest.service.Guest_ServiceImpl - Guest with phoneNumber 1234567891 deleted successfully!
[INFO ] 14-04-2024 06:41:13.732 pm [main] com.guest.service.Guest_ServiceImpl - Guest added successfully
[INFO ] 14-04-2024 06:41:13.758 pm [main] com.guest.service.Guest_ServiceImpl - Guest added successfully
[INFO ] 14-04-2024 06:41:13.776 pm [main] com.guest.service.Guest_ServiceImpl - Guest with phoneNumber 1234567891 deleted successfully!
[INFO ] 14-04-2024 06:41:13.786 pm [main] com.guest.service.Guest_ServiceImpl - Guest with phoneNumber 1234567892 deleted successfully!
[INFO ] 14-04-2024 06:41:13.832 pm [main] com.guest.service.Guest_ServiceImpl - List of guest is fetched!!
[INFO ] 14-04-2024 06:41:13.847 pm [main] com.guest.service.Guest_ServiceImpl - List of guest is fetched!!
[INFO ] 14-04-2024 06:41:13.937 pm [main] com.guest.service.Guest_ServiceImpl - Guest added successfully
[INFO ] 14-04-2024 06:41:13.951 pm [main] com.guest.service.Guest_ServiceImpl - Guest with phoneNumber 1234567891 deleted successfully!
[INFO ] 14-04-2024 06:45:02.006 pm [main] com.guest.service.Guest_ServiceImpl - Guest added successfully
[INFO ] 14-04-2024 06:45:02.236 pm [main] com.guest.service.Guest_ServiceImpl - Name updated successfully!!
[INFO ] 14-04-2024 06:45:02.259 pm [main] com.guest.service.Guest_ServiceImpl - Name updated successfully!!
[INFO ] 14-04-2024 06:45:02.302 pm [main] com.guest.service.Guest_ServiceImpl - Guest with phoneNumber 1234567891 deleted successfully!
[INFO ] 14-04-2024 06:45:02.359 pm [main] com.guest.service.Guest_ServiceImpl - Guest added successfully
[INFO ] 14-04-2024 06:45:02.375 pm [main] com.guest.service.Guest_ServiceImpl - Data is fetched for the phoneNumber 1234567894
[INFO ] 14-04-2024 06:45:02.383 pm [main] com.guest.service.Guest_ServiceImpl - Data is fetched for the phoneNumber 1234567894
[INFO ] 14-04-2024 06:45:02.391 pm [main] com.guest.service.Guest_ServiceImpl - Guest with phoneNumber 1234567894 deleted successfully!
[INFO ] 14-04-2024 06:45:02.418 pm [main] com.guest.service.Guest_ServiceImpl - Guest added successfully
[INFO ] 14-04-2024 06:45:02.438 pm [main] com.guest.service.Guest_ServiceImpl - Email updated successfully!!
[INFO ] 14-04-2024 06:45:02.461 pm [main] com.guest.service.Guest_ServiceImpl - Email updated successfully!!
[INFO ] 14-04-2024 06:45:02.478 pm [main] com.guest.service.Guest_ServiceImpl - Guest with phoneNumber 1234567891 deleted successfully!
[INFO ] 14-04-2024 06:45:02.504 pm [main] com.guest.service.Guest_ServiceImpl - Guest added successfully
[INFO ] 14-04-2024 06:45:02.519 pm [main] com.guest.service.Guest_ServiceImpl - Guest with phoneNumber 1234567891 deleted successfully!
[INFO ] 14-04-2024 06:45:02.534 pm [main] com.guest.service.Guest_ServiceImpl - Guest added successfully
[INFO ] 14-04-2024 06:45:02.550 pm [main] com.guest.service.Guest_ServiceImpl - Guest with phoneNumber 1234567891 deleted successfully!
[INFO ] 14-04-2024 06:45:02.584 pm [main] com.guest.service.Guest_ServiceImpl - List of guest is fetched!!
[INFO ] 14-04-2024 06:45:02.596 pm [main] com.guest.service.Guest_ServiceImpl - List of guest is fetched!!
[INFO ] 14-04-2024 06:45:02.706 pm [main] com.guest.service.Guest_ServiceImpl - Guest added successfully
[INFO ] 14-04-2024 06:45:02.723 pm [main] com.guest.service.Guest_ServiceImpl - Guest with phoneNumber 1234567891 deleted successfully!
[INFO ] 15-04-2024 07:29:11.814 pm [http-nio-8082-exec-4] com.guest.service.Guest_ServiceImpl - Guest added successfully
[INFO ] 15-04-2024 07:29:14.603 pm [http-nio-8082-exec-5] com.guest.service.Guest_ServiceImpl - List of guest is fetched!!
[INFO ] 15-04-2024 07:33:56.200 pm [http-nio-8082-exec-7] com.guest.service.Guest_ServiceImpl - List of guest is fetched!!
[INFO ] 15-04-2024 07:34:48.544 pm [http-nio-8082-exec-8] com.guest.service.Guest_ServiceImpl - List of guest is fetched!!
[INFO ] 15-04-2024 07:34:55.180 pm [http-nio-8082-exec-9] com.guest.service.Guest_ServiceImpl - Guest with phoneNumber 1011010101 deleted successfully!
[INFO ] 15-04-2024 07:39:46.343 pm [http-nio-8082-exec-1] com.guest.service.Guest_ServiceImpl - List of guest is fetched!!
[INFO ] 15-04-2024 07:39:51.344 pm [http-nio-8082-exec-2] com.guest.service.Guest_ServiceImpl - Guest with phoneNumber 1010102020 deleted successfully!
[INFO ] 15-04-2024 07:40:02.608 pm [http-nio-8082-exec-3] com.guest.service.Guest_ServiceImpl - Data is fetched for the phoneNumber 1234567890
[INFO ] 15-04-2024 07:40:15.389 pm [http-nio-8082-exec-4] com.guest.service.Guest_ServiceImpl - Name updated successfully!!
[INFO ] 15-04-2024 07:43:42.124 pm [http-nio-8082-exec-9] com.guest.service.Guest_ServiceImpl - Name updated successfully!!
[INFO ] 15-04-2024 07:46:12.229 pm [http-nio-8082-exec-1] com.guest.service.Guest_ServiceImpl - Name updated successfully!!
[INFO ] 15-04-2024 07:47:17.759 pm [http-nio-8082-exec-3] com.guest.service.Guest_ServiceImpl - Name updated successfully!!
[INFO ] 15-04-2024 07:47:50.550 pm [http-nio-8082-exec-5] com.guest.service.Guest_ServiceImpl - Email updated successfully!!
[INFO ] 15-04-2024 07:49:07.266 pm [http-nio-8082-exec-8] com.guest.service.Guest_ServiceImpl - Name updated successfully!!
[INFO ] 15-04-2024 07:49:12.170 pm [http-nio-8082-exec-9] com.guest.service.Guest_ServiceImpl - Name updated successfully!!
[INFO ] 15-04-2024 07:49:30.645 pm [http-nio-8082-exec-10] com.guest.service.Guest_ServiceImpl - Email updated successfully!!
[INFO ] 15-04-2024 08:09:35.998 pm [http-nio-8082-exec-2] com.guest.service.Guest_ServiceImpl - List of guest is fetched!!
[INFO ] 15-04-2024 08:09:44.746 pm [http-nio-8082-exec-3] com.guest.service.Guest_ServiceImpl - List of guest is fetched!!
[INFO ] 15-04-2024 08:09:55.643 pm [http-nio-8082-exec-4] com.guest.service.Guest_ServiceImpl - Name updated successfully!!
[INFO ] 15-04-2024 08:10:00.836 pm [http-nio-8082-exec-5] com.guest.service.Guest_ServiceImpl - Name updated successfully!!
[INFO ] 16-04-2024 08:59:54.592 am [http-nio-8082-exec-1] com.guest.service.Guest_ServiceImpl - List of guest is fetched!!
[INFO ] 16-04-2024 09:00:24.822 am [http-nio-8082-exec-2] com.guest.service.Guest_ServiceImpl - List of guest is fetched!!
[INFO ] 16-04-2024 09:00:50.028 am [http-nio-8082-exec-3] com.guest.service.Guest_ServiceImpl - Data is fetched for the phoneNumber 1234567890
[INFO ] 16-04-2024 09:01:03.663 am [http-nio-8082-exec-4] com.guest.service.Guest_ServiceImpl - List of guest is fetched!!
[INFO ] 16-04-2024 09:03:26.380 am [http-nio-8082-exec-6] com.guest.service.Guest_ServiceImpl - List of guest is fetched!!
[INFO ] 16-04-2024 09:04:02.336 am [http-nio-8082-exec-7] com.guest.service.Guest_ServiceImpl - List of guest is fetched!!
[INFO ] 16-04-2024 12:04:35.949 pm [main] com.guest.service.Guest_ServiceImpl - Guest added successfully
[INFO ] 16-04-2024 12:04:36.201 pm [main] com.guest.service.Guest_ServiceImpl - Name updated successfully!!
[INFO ] 16-04-2024 12:04:36.227 pm [main] com.guest.service.Guest_ServiceImpl - Name updated successfully!!
[INFO ] 16-04-2024 12:04:36.276 pm [main] com.guest.service.Guest_ServiceImpl - Guest with phoneNumber 1234567891 deleted successfully!
[INFO ] 16-04-2024 12:04:36.338 pm [main] com.guest.service.Guest_ServiceImpl - Guest added successfully
[INFO ] 16-04-2024 12:04:36.354 pm [main] com.guest.service.Guest_ServiceImpl - Data is fetched for the phoneNumber 1234567894
[INFO ] 16-04-2024 12:04:36.364 pm [main] com.guest.service.Guest_ServiceImpl - Data is fetched for the phoneNumber 1234567894
[INFO ] 16-04-2024 12:04:36.373 pm [main] com.guest.service.Guest_ServiceImpl - Guest with phoneNumber 1234567894 deleted successfully!
[INFO ] 16-04-2024 12:04:36.404 pm [main] com.guest.service.Guest_ServiceImpl - Guest added successfully
[INFO ] 16-04-2024 12:04:36.422 pm [main] com.guest.service.Guest_ServiceImpl - Email updated successfully!!
[INFO ] 16-04-2024 12:04:36.439 pm [main] com.guest.service.Guest_ServiceImpl - Email updated successfully!!
[INFO ] 16-04-2024 12:04:36.456 pm [main] com.guest.service.Guest_ServiceImpl - Guest with phoneNumber 1234567891 deleted successfully!
[INFO ] 16-04-2024 12:04:36.491 pm [main] com.guest.service.Guest_ServiceImpl - Guest added successfully
[INFO ] 16-04-2024 12:04:36.514 pm [main] com.guest.service.Guest_ServiceImpl - Guest with phoneNumber 1234567891 deleted successfully!
[INFO ] 16-04-2024 12:04:36.533 pm [main] com.guest.service.Guest_ServiceImpl - Guest added successfully
[INFO ] 16-04-2024 12:04:36.552 pm [main] com.guest.service.Guest_ServiceImpl - Guest with phoneNumber 1234567891 deleted successfully!
[INFO ] 16-04-2024 12:04:36.590 pm [main] com.guest.service.Guest_ServiceImpl - List of guest is fetched!!
[INFO ] 16-04-2024 12:04:36.607 pm [main] com.guest.service.Guest_ServiceImpl - List of guest is fetched!!
[INFO ] 16-04-2024 12:04:36.728 pm [main] com.guest.service.Guest_ServiceImpl - Guest added successfully
[INFO ] 16-04-2024 12:04:36.750 pm [main] com.guest.service.Guest_ServiceImpl - Guest with phoneNumber 1234567891 deleted successfully!
[INFO ] 18-04-2024 07:35:19.625 pm [http-nio-8082-exec-1] com.guest.service.Guest_ServiceImpl - Guest added successfully
[INFO ] 18-04-2024 07:35:28.974 pm [http-nio-8082-exec-2] com.guest.service.Guest_ServiceImpl - List of guest is fetched!!
[INFO ] 18-04-2024 07:35:52.075 pm [http-nio-8082-exec-3] com.guest.service.Guest_ServiceImpl - Data is fetched for the phoneNumber 5678901234
[INFO ] 18-04-2024 07:35:59.651 pm [http-nio-8082-exec-4] com.guest.service.Guest_ServiceImpl - Data is fetched for the phoneNumber 9876543210
[INFO ] 18-04-2024 07:36:13.481 pm [http-nio-8082-exec-5] com.guest.service.Guest_ServiceImpl - Name updated successfully!!
[INFO ] 18-04-2024 07:36:16.143 pm [http-nio-8082-exec-6] com.guest.service.Guest_ServiceImpl - List of guest is fetched!!
[INFO ] 18-04-2024 07:36:46.422 pm [http-nio-8082-exec-7] com.guest.service.Guest_ServiceImpl - Email updated successfully!!
[INFO ] 18-04-2024 07:36:49.575 pm [http-nio-8082-exec-8] com.guest.service.Guest_ServiceImpl - List of guest is fetched!!
[INFO ] 18-04-2024 07:50:51.215 pm [main] com.guest.service.Guest_ServiceImpl - Guest added successfully
[INFO ] 18-04-2024 07:50:51.605 pm [main] com.guest.service.Guest_ServiceImpl - Name updated successfully!!
[INFO ] 18-04-2024 07:50:51.691 pm [main] com.guest.service.Guest_ServiceImpl - Name updated successfully!!
[INFO ] 18-04-2024 07:50:51.762 pm [main] com.guest.service.Guest_ServiceImpl - Guest with phoneNumber 1234567891 deleted successfully!
[INFO ] 18-04-2024 07:50:51.836 pm [main] com.guest.service.Guest_ServiceImpl - Guest added successfully
[INFO ] 18-04-2024 07:50:51.858 pm [main] com.guest.service.Guest_ServiceImpl - Data is fetched for the phoneNumber 1234567894
[INFO ] 18-04-2024 07:50:51.869 pm [main] com.guest.service.Guest_ServiceImpl - Data is fetched for the phoneNumber 1234567894
[INFO ] 18-04-2024 07:50:51.877 pm [main] com.guest.service.Guest_ServiceImpl - Guest with phoneNumber 1234567894 deleted successfully!
[INFO ] 18-04-2024 07:50:51.921 pm [main] com.guest.service.Guest_ServiceImpl - Guest added successfully
[INFO ] 18-04-2024 07:50:51.946 pm [main] com.guest.service.Guest_ServiceImpl - Email updated successfully!!
[INFO ] 18-04-2024 07:50:51.971 pm [main] com.guest.service.Guest_ServiceImpl - Email updated successfully!!
[INFO ] 18-04-2024 07:50:51.994 pm [main] com.guest.service.Guest_ServiceImpl - Guest with phoneNumber 1234567891 deleted successfully!
[INFO ] 18-04-2024 07:50:52.031 pm [main] com.guest.service.Guest_ServiceImpl - Guest added successfully
[INFO ] 18-04-2024 07:50:52.054 pm [main] com.guest.service.Guest_ServiceImpl - Guest with phoneNumber 1234567891 deleted successfully!
[INFO ] 18-04-2024 07:50:52.074 pm [main] com.guest.service.Guest_ServiceImpl - Guest added successfully
[INFO ] 18-04-2024 07:50:52.096 pm [main] com.guest.service.Guest_ServiceImpl - Guest with phoneNumber 1234567891 deleted successfully!
[INFO ] 18-04-2024 07:50:52.137 pm [main] com.guest.service.Guest_ServiceImpl - List of guest is fetched!!
[INFO ] 18-04-2024 07:50:52.153 pm [main] com.guest.service.Guest_ServiceImpl - List of guest is fetched!!
[INFO ] 18-04-2024 07:50:52.308 pm [main] com.guest.service.Guest_ServiceImpl - Guest added successfully
[INFO ] 18-04-2024 07:50:52.326 pm [main] com.guest.service.Guest_ServiceImpl - Guest with phoneNumber 1234567891 deleted successfully!
[INFO ] 18-04-2024 10:28:46.629 pm [http-nio-8082-exec-2] com.guest.service.Guest_ServiceImpl - List of guest is fetched!!
[INFO ] 18-04-2024 10:29:54.504 pm [http-nio-8082-exec-5] com.guest.service.Guest_ServiceImpl - Data is fetched for the phoneNumber 2345678901
[INFO ] 19-04-2024 10:31:41.919 am [http-nio-8082-exec-2] com.guest.service.Guest_ServiceImpl - List of guest is fetched!!
[INFO ] 19-04-2024 10:39:35.112 am [http-nio-8082-exec-6] com.guest.service.Guest_ServiceImpl - Data is fetched for the phoneNumber 1234567890
